2022-02-25 14:21:39,181 [INFO] com.dcb.logging.LoggingApplication [main] Starting LoggingApplication using Java 17 on DESKTOP-7KTP7BF with PID 14240 (C:\Users\aashi\Downloads\logging\logging\target\classes started by aashi in C:\Users\aashi\Downloads\logging\logging)
2022-02-25 14:21:39,186 [DEBUG] com.dcb.logging.LoggingApplication [main] Running with Spring Boot v2.6.3, Spring v5.3.15
2022-02-25 14:21:39,186 [INFO] com.dcb.logging.LoggingApplication [main] No active profile set, falling back to default profiles: default
2022-02-25 14:21:40,302 [INFO] org.springframework.boot.web.embedded.tomcat.TomcatWebServer [main] Tomcat initialized with port(s): 8080 (http)
2022-02-25 14:21:40,311 [INFO] org.apache.catalina.core.StandardService [main] Starting service [Tomcat]
2022-02-25 14:21:40,312 [INFO] org.apache.catalina.core.StandardEngine [main] Starting Servlet engine: [Apache Tomcat/9.0.56]
2022-02-25 14:21:40,388 [INFO] org.apache.catalina.core.ContainerBase.[Tomcat].[localhost].[/] [main] Initializing Spring embedded WebApplicationContext
2022-02-25 14:21:40,389 [INFO] org.springframework.boot.web.servlet.context.ServletWebServerApplicationContext [main] Root WebApplicationContext: initialization completed in 1127 ms
2022-02-25 14:21:40,873 [INFO] org.springframework.boot.web.embedded.tomcat.TomcatWebServer [main] Tomcat started on port(s): 8080 (http) with context path ''
2022-02-25 14:21:40,881 [INFO] com.dcb.logging.LoggingApplication [main] Started LoggingApplication in 2.314 seconds (JVM running for 2.812)
2022-02-25 14:21:42,855 [INFO] org.apache.catalina.core.ContainerBase.[Tomcat].[localhost].[/] [http-nio-8080-exec-1] Initializing Spring DispatcherServlet 'dispatcherServlet'
2022-02-25 14:21:42,855 [INFO] org.springframework.web.servlet.DispatcherServlet [http-nio-8080-exec-1] Initializing Servlet 'dispatcherServlet'
2022-02-25 14:21:42,856 [INFO] org.springframework.web.servlet.DispatcherServlet [http-nio-8080-exec-1] Completed initialization in 1 ms
2022-02-25 14:21:42,881 [ERROR] com.dcb.logging.HomeController [http-nio-8080-exec-1] FATAL ERROR
2022-02-25 14:21:42,883 [INFO] com.dcb.logging.HomeController [http-nio-8080-exec-1] logging levels TRACE< DEBUG < INFO< WARN < ERROR
2022-02-25 14:21:43,053 [ERROR] com.dcb.logging.HomeController [http-nio-8080-exec-2] FATAL ERROR
2022-02-25 14:21:43,054 [INFO] com.dcb.logging.HomeController [http-nio-8080-exec-2] logging levels TRACE< DEBUG < INFO< WARN < ERROR
2022-02-25 14:21:43,181 [ERROR] com.dcb.logging.HomeController [http-nio-8080-exec-3] FATAL ERROR
2022-02-25 14:21:43,181 [INFO] com.dcb.logging.HomeController [http-nio-8080-exec-3] logging levels TRACE< DEBUG < INFO< WARN < ERROR
2022-02-25 14:21:43,300 [ERROR] com.dcb.logging.HomeController [http-nio-8080-exec-4] FATAL ERROR
2022-02-25 14:21:43,301 [INFO] com.dcb.logging.HomeController [http-nio-8080-exec-4] logging levels TRACE< DEBUG < INFO< WARN < ERROR
2022-02-25 14:21:43,474 [ERROR] com.dcb.logging.HomeController [http-nio-8080-exec-5] FATAL ERROR
2022-02-25 14:21:43,474 [INFO] com.dcb.logging.HomeController [http-nio-8080-exec-5] logging levels TRACE< DEBUG < INFO< WARN < ERROR
2022-02-25 14:21:43,607 [ERROR] com.dcb.logging.HomeController [http-nio-8080-exec-6] FATAL ERROR
2022-02-25 14:21:43,607 [INFO] com.dcb.logging.HomeController [http-nio-8080-exec-6] logging levels TRACE< DEBUG < INFO< WARN < ERROR
2022-02-25 14:21:43,740 [ERROR] com.dcb.logging.HomeController [http-nio-8080-exec-7] FATAL ERROR
2022-02-25 14:21:43,740 [INFO] com.dcb.logging.HomeController [http-nio-8080-exec-7] logging levels TRACE< DEBUG < INFO< WARN < ERROR
2022-02-25 14:21:43,831 [ERROR] com.dcb.logging.HomeController [http-nio-8080-exec-8] FATAL ERROR
2022-02-25 14:21:43,832 [INFO] com.dcb.logging.HomeController [http-nio-8080-exec-8] logging levels TRACE< DEBUG < INFO< WARN < ERROR
2022-02-25 14:23:02,800 [INFO] com.dcb.logging.LoggingApplication [main] Starting LoggingApplication using Java 17 on DESKTOP-7KTP7BF with PID 7184 (C:\Users\aashi\Downloads\logging\logging\target\classes started by aashi in C:\Users\aashi\Downloads\logging\logging)
2022-02-25 14:23:02,804 [DEBUG] com.dcb.logging.LoggingApplication [main] Running with Spring Boot v2.6.3, Spring v5.3.15
2022-02-25 14:23:02,804 [INFO] com.dcb.logging.LoggingApplication [main] No active profile set, falling back to default profiles: default
2022-02-25 14:23:03,868 [INFO] org.springframework.boot.web.embedded.tomcat.TomcatWebServer [main] Tomcat initialized with port(s): 8080 (http)
2022-02-25 14:23:03,878 [INFO] org.apache.catalina.core.StandardService [main] Starting service [Tomcat]
2022-02-25 14:23:03,878 [INFO] org.apache.catalina.core.StandardEngine [main] Starting Servlet engine: [Apache Tomcat/9.0.56]
2022-02-25 14:23:03,949 [INFO] org.apache.catalina.core.ContainerBase.[Tomcat].[localhost].[/] [main] Initializing Spring embedded WebApplicationContext
2022-02-25 14:23:03,949 [INFO] org.springframework.boot.web.servlet.context.ServletWebServerApplicationContext [main] Root WebApplicationContext: initialization completed in 1070 ms
2022-02-25 14:23:04,358 [INFO] org.springframework.boot.web.embedded.tomcat.TomcatWebServer [main] Tomcat started on port(s): 8080 (http) with context path ''
2022-02-25 14:23:04,367 [INFO] com.dcb.logging.LoggingApplication [main] Started LoggingApplication in 2.059 seconds (JVM running for 2.457)
2022-02-25 14:23:08,431 [INFO] org.apache.catalina.core.ContainerBase.[Tomcat].[localhost].[/] [http-nio-8080-exec-1] Initializing Spring DispatcherServlet 'dispatcherServlet'
2022-02-25 14:23:08,431 [INFO] org.springframework.web.servlet.DispatcherServlet [http-nio-8080-exec-1] Initializing Servlet 'dispatcherServlet'
2022-02-25 14:23:08,432 [INFO] org.springframework.web.servlet.DispatcherServlet [http-nio-8080-exec-1] Completed initialization in 0 ms
2022-02-25 14:23:08,466 [ERROR] com.dcb.logging.HomeController [http-nio-8080-exec-1] FATAL ERROR
2022-02-25 14:23:08,466 [INFO] com.dcb.logging.HomeController [http-nio-8080-exec-1] logging levels TRACE< DEBUG < INFO< WARN < ERROR
2022-02-25 14:23:08,729 [ERROR] com.dcb.logging.HomeController [http-nio-8080-exec-2] FATAL ERROR
2022-02-25 14:23:08,731 [INFO] com.dcb.logging.HomeController [http-nio-8080-exec-2] logging levels TRACE< DEBUG < INFO< WARN < ERROR
2022-02-25 14:23:08,860 [ERROR] com.dcb.logging.HomeController [http-nio-8080-exec-3] FATAL ERROR
2022-02-25 14:23:08,861 [INFO] com.dcb.logging.HomeController [http-nio-8080-exec-3] logging levels TRACE< DEBUG < INFO< WARN < ERROR
2022-02-25 14:23:09,065 [ERROR] com.dcb.logging.HomeController [http-nio-8080-exec-4] FATAL ERROR
2022-02-25 14:23:09,067 [INFO] com.dcb.logging.HomeController [http-nio-8080-exec-4] logging levels TRACE< DEBUG < INFO< WARN < ERROR
2022-02-25 14:23:09,169 [ERROR] com.dcb.logging.HomeController [http-nio-8080-exec-5] FATAL ERROR
2022-02-25 14:23:09,169 [INFO] com.dcb.logging.HomeController [http-nio-8080-exec-5] logging levels TRACE< DEBUG < INFO< WARN < ERROR
2022-02-25 14:23:56,791 [INFO] com.dcb.logging.LoggingApplication [main] Starting LoggingApplication using Java 17 on DESKTOP-7KTP7BF with PID 14516 (C:\Users\aashi\Downloads\logging\logging\target\classes started by aashi in C:\Users\aashi\Downloads\logging\logging)
2022-02-25 14:23:56,796 [DEBUG] com.dcb.logging.LoggingApplication [main] Running with Spring Boot v2.6.3, Spring v5.3.15
2022-02-25 14:23:56,797 [INFO] com.dcb.logging.LoggingApplication [main] No active profile set, falling back to default profiles: default
2022-02-25 14:23:57,848 [INFO] org.springframework.boot.web.embedded.tomcat.TomcatWebServer [main] Tomcat initialized with port(s): 8080 (http)
2022-02-25 14:23:57,859 [INFO] org.apache.catalina.core.StandardService [main] Starting service [Tomcat]
2022-02-25 14:23:57,859 [INFO] org.apache.catalina.core.StandardEngine [main] Starting Servlet engine: [Apache Tomcat/9.0.56]
2022-02-25 14:23:57,935 [INFO] org.apache.catalina.core.ContainerBase.[Tomcat].[localhost].[/] [main] Initializing Spring embedded WebApplicationContext
2022-02-25 14:23:57,936 [INFO] org.springframework.boot.web.servlet.context.ServletWebServerApplicationContext [main] Root WebApplicationContext: initialization completed in 1058 ms
2022-02-25 14:23:58,340 [INFO] org.springframework.boot.web.embedded.tomcat.TomcatWebServer [main] Tomcat started on port(s): 8080 (http) with context path ''
2022-02-25 14:23:58,349 [INFO] com.dcb.logging.LoggingApplication [main] Started LoggingApplication in 2.071 seconds (JVM running for 2.492)
2022-02-25 14:24:02,733 [INFO] org.apache.catalina.core.ContainerBase.[Tomcat].[localhost].[/] [http-nio-8080-exec-1] Initializing Spring DispatcherServlet 'dispatcherServlet'
2022-02-25 14:24:02,733 [INFO] org.springframework.web.servlet.DispatcherServlet [http-nio-8080-exec-1] Initializing Servlet 'dispatcherServlet'
2022-02-25 14:24:02,734 [INFO] org.springframework.web.servlet.DispatcherServlet [http-nio-8080-exec-1] Completed initialization in 1 ms
2022-02-25 14:24:02,761 [ERROR] com.dcb.logging.HomeController [http-nio-8080-exec-1] FATAL ERROR
2022-02-25 14:24:02,761 [INFO] com.dcb.logging.HomeController [http-nio-8080-exec-1] logging levels TRACE< DEBUG < INFO< WARN < ERROR
2022-02-25 14:24:02,854 [ERROR] com.dcb.logging.HomeController [http-nio-8080-exec-2] FATAL ERROR
2022-02-25 14:24:02,855 [INFO] com.dcb.logging.HomeController [http-nio-8080-exec-2] logging levels TRACE< DEBUG < INFO< WARN < ERROR
2022-02-25 14:24:02,998 [ERROR] com.dcb.logging.HomeController [http-nio-8080-exec-3] FATAL ERROR
2022-02-25 14:24:02,999 [INFO] com.dcb.logging.HomeController [http-nio-8080-exec-3] logging levels TRACE< DEBUG < INFO< WARN < ERROR
2022-02-25 14:24:03,122 [ERROR] com.dcb.logging.HomeController [http-nio-8080-exec-4] FATAL ERROR
2022-02-25 14:24:03,123 [INFO] com.dcb.logging.HomeController [http-nio-8080-exec-4] logging levels TRACE< DEBUG < INFO< WARN < ERROR
2022-02-25 14:24:03,216 [ERROR] com.dcb.logging.HomeController [http-nio-8080-exec-5] FATAL ERROR
2022-02-25 14:24:03,216 [INFO] com.dcb.logging.HomeController [http-nio-8080-exec-5] logging levels TRACE< DEBUG < INFO< WARN < ERROR
2022-02-25 14:26:12,323 [INFO] com.dcb.logging.LoggingApplication [main] Starting LoggingApplication using Java 17 on DESKTOP-7KTP7BF with PID 9080 (C:\Users\aashi\Downloads\logging\logging\target\classes started by aashi in C:\Users\aashi\Downloads\logging\logging)
2022-02-25 14:26:12,329 [DEBUG] com.dcb.logging.LoggingApplication [main] Running with Spring Boot v2.6.3, Spring v5.3.15
2022-02-25 14:26:12,329 [INFO] com.dcb.logging.LoggingApplication [main] No active profile set, falling back to default profiles: default
2022-02-25 14:26:13,377 [INFO] org.springframework.boot.web.embedded.tomcat.TomcatWebServer [main] Tomcat initialized with port(s): 8080 (http)
2022-02-25 14:26:13,386 [INFO] org.apache.catalina.core.StandardService [main] Starting service [Tomcat]
2022-02-25 14:26:13,386 [INFO] org.apache.catalina.core.StandardEngine [main] Starting Servlet engine: [Apache Tomcat/9.0.56]
2022-02-25 14:26:13,458 [INFO] org.apache.catalina.core.ContainerBase.[Tomcat].[localhost].[/] [main] Initializing Spring embedded WebApplicationContext
2022-02-25 14:26:13,458 [INFO] org.springframework.boot.web.servlet.context.ServletWebServerApplicationContext [main] Root WebApplicationContext: initialization completed in 1044 ms
2022-02-25 14:26:13,918 [INFO] org.springframework.boot.web.embedded.tomcat.TomcatWebServer [main] Tomcat started on port(s): 8080 (http) with context path ''
2022-02-25 14:26:13,931 [INFO] com.dcb.logging.LoggingApplication [main] Started LoggingApplication in 2.109 seconds (JVM running for 2.591)
2022-02-25 14:26:33,306 [INFO] org.apache.catalina.core.ContainerBase.[Tomcat].[localhost].[/] [http-nio-8080-exec-1] Initializing Spring DispatcherServlet 'dispatcherServlet'
2022-02-25 14:26:33,307 [INFO] org.springframework.web.servlet.DispatcherServlet [http-nio-8080-exec-1] Initializing Servlet 'dispatcherServlet'
2022-02-25 14:26:33,307 [INFO] org.springframework.web.servlet.DispatcherServlet [http-nio-8080-exec-1] Completed initialization in 0 ms
2022-02-25 14:26:33,335 [ERROR] com.dcb.logging.HomeController [http-nio-8080-exec-1] FATAL ERROR
2022-02-25 14:26:33,336 [INFO] com.dcb.logging.HomeController [http-nio-8080-exec-1] logging levels TRACE< DEBUG < INFO< WARN < ERROR
